<?xml version="1.0" encoding="UTF-8"?>
<testng-results skipped="0" failed="0" total="1" passed="1">
  <reporter-output>
  </reporter-output>
  <suite name="Default suite" duration-ms="51" started-at="2016-05-06T12:34:21Z" finished-at="2016-05-06T12:34:21Z">
    <groups>
    </groups>
    <test name="Default test" duration-ms="51" started-at="2016-05-06T12:34:21Z" finished-at="2016-05-06T12:34:21Z">
      <class name="Testcases.TestConfig">
        <test-method status="PASS" signature="testConfigFile()[pri:0, instance:Testcases.TestConfig@13a57a3b]" name="testConfigFile" duration-ms="26" started-at="2016-05-06T12:34:21Z" finished-at="2016-05-06T12:34:21Z">
        </test-method> <!-- testConfigFile -->
      </class> <!-- Testcases.TestConfig -->
    </test> <!-- Default test -->
  </suite> <!-- Default suite -->
</testng-results>
